[debug] [2023-03-27T03:38:57.715Z] ----------------------------------------------------------------------
[debug] [2023-03-27T03:38:57.717Z] Command:       C:\Program Files\nodejs\node.exe C:\Users\ryo_t\AppData\Roaming\npm\node_modules\firebase-tools\lib\bin\firebase.js deploy
[debug] [2023-03-27T03:38:57.718Z] CLI Version:   11.25.1
[debug] [2023-03-27T03:38:57.718Z] Platform:      win32
[debug] [2023-03-27T03:38:57.718Z] Node Version:  v18.14.0
[debug] [2023-03-27T03:38:57.719Z] Time:          Mon Mar 27 2023 12:38:57 GMT+0900 (日本標準時)
[debug] [2023-03-27T03:38:57.719Z] ----------------------------------------------------------------------
[debug] 
[debug] [2023-03-27T03:38:57.789Z] > command requires scopes: ["email","openid","https://www.googleapis.com/auth/cloudplatformprojects.readonly","https://www.googleapis.com/auth/firebase","https://www.googleapis.com/auth/cloud-platform"]
[debug] [2023-03-27T03:38:57.790Z] > authorizing via signed-in user (hardrock6356@gmail.com)
[debug] [2023-03-27T03:38:57.790Z] [iam] checking project discord-clone-f94db for permissions ["firebase.projects.get","firebasehosting.sites.update"]
[debug] [2023-03-27T03:38:57.792Z] > refreshing access token with scopes: []
[debug] [2023-03-27T03:38:57.794Z] >>> [apiv2][query] POST https://www.googleapis.com/oauth2/v3/token [none]
[debug] [2023-03-27T03:38:57.794Z] >>> [apiv2][body] POST https://www.googleapis.com/oauth2/v3/token [omitted]
[debug] [2023-03-27T03:39:18.894Z] [iam] error while checking permissions, command may fail: FirebaseError: Authentication Error: Your credentials are no longer valid. Please run firebase login --reauth

For CI servers and headless environments, generate a new token with firebase login:ci
[debug] [2023-03-27T03:39:18.895Z] > refreshing access token with scopes: []
[debug] [2023-03-27T03:39:18.895Z] >>> [apiv2][query] POST https://www.googleapis.com/oauth2/v3/token [none]
[debug] [2023-03-27T03:39:18.896Z] >>> [apiv2][body] POST https://www.googleapis.com/oauth2/v3/token [omitted]
[debug] [2023-03-27T03:39:39.949Z] Authentication Error: Your credentials are no longer valid. Please run firebase login --reauth

For CI servers and headless environments, generate a new token with firebase login:ci
[debug] [2023-03-27T03:39:39.952Z] FirebaseError: Authentication Error: Your credentials are no longer valid. Please run firebase login --reauth

For CI servers and headless environments, generate a new token with firebase login:ci
    at invalidCredentialError (C:\Users\ryo_t\AppData\Roaming\npm\node_modules\firebase-tools\lib\auth.js:144:12)
    at refreshTokens (C:\Users\ryo_t\AppData\Roaming\npm\node_modules\firebase-tools\lib\auth.js:508:15)
    at process.processTicksAndRejections (node:internal/process/task_queues:95:5)
    at async Client.getAccessToken (C:\Users\ryo_t\AppData\Roaming\npm\node_modules\firebase-tools\lib\apiv2.js:149:23)
    at async Client.addAuthHeader (C:\Users\ryo_t\AppData\Roaming\npm\node_modules\firebase-tools\lib\apiv2.js:140:21)
    at async Client.request (C:\Users\ryo_t\AppData\Roaming\npm\node_modules\firebase-tools\lib\apiv2.js:96:34)
    at async getFirebaseProject (C:\Users\ryo_t\AppData\Roaming\npm\node_modules\firebase-tools\lib\management\projects.js:295:21)
    at async getDefaultHostingSite (C:\Users\ryo_t\AppData\Roaming\npm\node_modules\firebase-tools\lib\getDefaultHostingSite.js:10:21)
    at async requireHostingSite (C:\Users\ryo_t\AppData\Roaming\npm\node_modules\firebase-tools\lib\requireHostingSite.js:9:18)
    at async Object.fn (C:\Users\ryo_t\AppData\Roaming\npm\node_modules\firebase-tools\lib\commands\deploy.js:74:9)
    at async C:\Users\ryo_t\AppData\Roaming\npm\node_modules\firebase-tools\lib\command.js:214:17
[error] 
[error] Error: Failed to get Firebase project discord-clone-f94db. Please make sure the project exists and your account has permission to access it.
